[0.000000] (-) TimerEvent: {}
[0.001036] (my_package) JobQueued: {'identifier': 'my_package', 'dependencies': OrderedDict()}
[0.002451] (my_package) JobStarted: {'identifier': 'my_package'}
[0.028733] (my_package) JobProgress: {'identifier': 'my_package', 'progress': 'cmake'}
[0.030604] (my_package) JobProgress: {'identifier': 'my_package', 'progress': 'build'}
[0.032720] (my_package) Command: {'cmd': ['/usr/bin/cmake', '--build', '/home/ws/build/my_package', '--', '-j4', '-l4'], 'cwd': '/home/ws/build/my_package', 'env': OrderedDict([('HOSTNAME', 'rospi'), ('SHLVL', '1'), ('LD_LIBRARY_PATH', '/opt/ros/humble/lib/aarch64-linux-gnu:/opt/ros/humble/lib'), ('HOME', '/root'), ('ROS_PYTHON_VERSION', '3'), ('COLCON_PREFIX_PATH', '/home/ws/install'), ('ROS_DISTRO', 'humble'), ('_', '/usr/bin/colcon'), ('ROS_VERSION', '2'), ('TERM', 'xterm'), ('ROS_LOCALHOST_ONLY', '0'), ('PATH', '/opt/ros/humble/bin:/usr/local/sbin:/usr/local/bin:/usr/sbin:/usr/bin:/sbin:/bin'), ('LANG', 'C.UTF-8'), ('LS_COLORS', 'rs=0:di=01;34:ln=01;36:mh=00:pi=40;33:so=01;35:do=01;35:bd=40;33;01:cd=40;33;01:or=40;31;01:mi=00:su=37;41:sg=30;43:ca=30;41:tw=30;42:ow=34;42:st=37;44:ex=01;32:*.tar=01;31:*.tgz=01;31:*.arc=01;31:*.arj=01;31:*.taz=01;31:*.lha=01;31:*.lz4=01;31:*.lzh=01;31:*.lzma=01;31:*.tlz=01;31:*.txz=01;31:*.tzo=01;31:*.t7z=01;31:*.zip=01;31:*.z=01;31:*.dz=01;31:*.gz=01;31:*.lrz=01;31:*.lz=01;31:*.lzo=01;31:*.xz=01;31:*.zst=01;31:*.tzst=01;31:*.bz2=01;31:*.bz=01;31:*.tbz=01;31:*.tbz2=01;31:*.tz=01;31:*.deb=01;31:*.rpm=01;31:*.jar=01;31:*.war=01;31:*.ear=01;31:*.sar=01;31:*.rar=01;31:*.alz=01;31:*.ace=01;31:*.zoo=01;31:*.cpio=01;31:*.7z=01;31:*.rz=01;31:*.cab=01;31:*.wim=01;31:*.swm=01;31:*.dwm=01;31:*.esd=01;31:*.jpg=01;35:*.jpeg=01;35:*.mjpg=01;35:*.mjpeg=01;35:*.gif=01;35:*.bmp=01;35:*.pbm=01;35:*.pgm=01;35:*.ppm=01;35:*.tga=01;35:*.xbm=01;35:*.xpm=01;35:*.tif=01;35:*.tiff=01;35:*.png=01;35:*.svg=01;35:*.svgz=01;35:*.mng=01;35:*.pcx=01;35:*.mov=01;35:*.mpg=01;35:*.mpeg=01;35:*.m2v=01;35:*.mkv=01;35:*.webm=01;35:*.webp=01;35:*.ogm=01;35:*.mp4=01;35:*.m4v=01;35:*.mp4v=01;35:*.vob=01;35:*.qt=01;35:*.nuv=01;35:*.wmv=01;35:*.asf=01;35:*.rm=01;35:*.rmvb=01;35:*.flc=01;35:*.avi=01;35:*.fli=01;35:*.flv=01;35:*.gl=01;35:*.dl=01;35:*.xcf=01;35:*.xwd=01;35:*.yuv=01;35:*.cgm=01;35:*.emf=01;35:*.ogv=01;35:*.ogx=01;35:*.aac=00;36:*.au=00;36:*.flac=00;36:*.m4a=00;36:*.mid=00;36:*.midi=00;36:*.mka=00;36:*.mp3=00;36:*.mpc=00;36:*.ogg=00;36:*.ra=00;36:*.wav=00;36:*.oga=00;36:*.opus=00;36:*.spx=00;36:*.xspf=00;36:'), ('AMENT_PREFIX_PATH', '/home/ws/install/my_package:/opt/ros/humble'), ('PWD', '/home/ws/build/my_package'), ('LC_ALL', 'C.UTF-8'), ('PYTHONPATH', '/opt/ros/humble/lib/python3.10/site-packages:/opt/ros/humble/local/lib/python3.10/dist-packages'), ('COLCON', '1'), ('CMAKE_PREFIX_PATH', '/home/ws/install/my_package:/opt/ros/humble'), ('ROS2_WS', '/opt/ros/humble')]), 'shell': False}
[0.099426] (-) TimerEvent: {}
[0.100478] (my_package) StdoutLine: {'line': b'-- Found ament_cmake: 1.3.10 (/opt/ros/humble/share/ament_cmake/cmake)\n'}
[0.199697] (-) TimerEvent: {}
[0.300814] (-) TimerEvent: {}
[0.401413] (-) TimerEvent: {}
[0.492909] (my_package) StdoutLine: {'line': b'-- Found rclcpp: 16.0.10 (/opt/ros/humble/share/rclcpp/cmake)\n'}
[0.501582] (-) TimerEvent: {}
[0.588472] (my_package) StdoutLine: {'line': b'-- Found rosidl_generator_c: 3.1.5 (/opt/ros/humble/share/rosidl_generator_c/cmake)\n'}
[0.601736] (-) TimerEvent: {}
[0.602970] (my_package) StdoutLine: {'line': b'-- Found rosidl_adapter: 3.1.5 (/opt/ros/humble/share/rosidl_adapter/cmake)\n'}
[0.626630] (my_package) StdoutLine: {'line': b'-- Found rosidl_generator_cpp: 3.1.5 (/opt/ros/humble/share/rosidl_generator_cpp/cmake)\n'}
[0.663790] (my_package) StdoutLine: {'line': b'-- Using all available rosidl_typesupport_c: rosidl_typesupport_fastrtps_c;rosidl_typesupport_introspection_c\n'}
[0.701960] (-) TimerEvent: {}
[0.712440] (my_package) StdoutLine: {'line': b'-- Using all available rosidl_typesupport_cpp: rosidl_typesupport_fastrtps_cpp;rosidl_typesupport_introspection_cpp\n'}
[0.802126] (-) TimerEvent: {}
[0.835920] (my_package) StdoutLine: {'line': b'-- Found rmw_implementation_cmake: 6.1.2 (/opt/ros/humble/share/rmw_implementation_cmake/cmake)\n'}
[0.843504] (my_package) StdoutLine: {'line': b'-- Found rmw_fastrtps_cpp: 6.2.7 (/opt/ros/humble/share/rmw_fastrtps_cpp/cmake)\n'}
[0.902299] (-) TimerEvent: {}
[1.003371] (-) TimerEvent: {}
[1.042890] (my_package) StdoutLine: {'line': b'-- Found OpenSSL: /usr/lib/aarch64-linux-gnu/libcrypto.so (found version "3.0.2")  \n'}
[1.082553] (my_package) StdoutLine: {'line': b'-- Found FastRTPS: /opt/ros/humble/include  \n'}
[1.103542] (-) TimerEvent: {}
[1.152845] (my_package) StdoutLine: {'line': b"-- Using RMW implementation 'rmw_fastrtps_cpp' as default\n"}
[1.175364] (my_package) StdoutLine: {'line': b'-- Looking for pthread.h\n'}
[1.203739] (-) TimerEvent: {}
[1.305010] (-) TimerEvent: {}
[1.400916] (my_package) StdoutLine: {'line': b'-- Looking for pthread.h - found\n'}
[1.401436] (my_package) StdoutLine: {'line': b'-- Performing Test CMAKE_HAVE_LIBC_PTHREAD\n'}
[1.405150] (-) TimerEvent: {}
[1.505771] (-) TimerEvent: {}
[1.606502] (-) TimerEvent: {}
[1.622038] (my_package) StdoutLine: {'line': b'-- Performing Test CMAKE_HAVE_LIBC_PTHREAD - Success\n'}
[1.624829] (my_package) StdoutLine: {'line': b'-- Found Threads: TRUE  \n'}
[1.706681] (-) TimerEvent: {}
[1.788543] (my_package) StdoutLine: {'line': b'-- Found ament_lint_auto: 0.12.11 (/opt/ros/humble/share/ament_lint_auto/cmake)\n'}
[1.806834] (-) TimerEvent: {}
[1.907475] (-) TimerEvent: {}
[2.008163] (-) TimerEvent: {}
[2.024838] (my_package) StdoutLine: {'line': b"-- Added test 'cppcheck' to perform static code analysis on C / C++ code\n"}
[2.025352] (my_package) StdoutLine: {'line': b'-- Configured cppcheck include dirs: $<BUILD_INTERFACE:/home/ws/my_package/include>\n'}
[2.025641] (my_package) StdoutLine: {'line': b'-- Configured cppcheck exclude dirs and/or files: \n'}
[2.025882] (my_package) StdoutLine: {'line': b"-- Added test 'lint_cmake' to check CMake code style\n"}
[2.027822] (my_package) StdoutLine: {'line': b"-- Added test 'uncrustify' to check C / C++ code style\n"}
[2.028293] (my_package) StdoutLine: {'line': b'-- Configured uncrustify additional arguments: \n'}
[2.028732] (my_package) StdoutLine: {'line': b"-- Added test 'xmllint' to check XML markup files\n"}
[2.030234] (my_package) StdoutLine: {'line': b'-- Configuring done\n'}
[2.070673] (my_package) StdoutLine: {'line': b'-- Generating done\n'}
[2.082581] (my_package) StdoutLine: {'line': b'-- Build files have been written to: /home/ws/build/my_package\n'}
[2.108702] (-) TimerEvent: {}
[2.149823] (my_package) StdoutLine: {'line': b'\x1b[35m\x1b[1mConsolidate compiler generated dependencies of target my_node\x1b[0m\n'}
[2.178044] (my_package) StdoutLine: {'line': b'[ 50%] \x1b[32mBuilding CXX object CMakeFiles/my_node.dir/src/my_node.cpp.o\x1b[0m\n'}
[2.208870] (-) TimerEvent: {}
[2.309542] (-) TimerEvent: {}
[2.410217] (-) TimerEvent: {}
[2.511050] (-) TimerEvent: {}
[2.611862] (-) TimerEvent: {}
[2.712631] (-) TimerEvent: {}
[2.813588] (-) TimerEvent: {}
[2.914302] (-) TimerEvent: {}
[3.015124] (-) TimerEvent: {}
[3.115785] (-) TimerEvent: {}
[3.216420] (-) TimerEvent: {}
[3.295026] (my_package) StderrLine: {'line': b'In file included from \x1b[01m\x1b[K/home/ws/my_package/include/my_package/my_node.hpp:6\x1b[m\x1b[K,\n'}
[3.297787] (my_package) StderrLine: {'line': b'                 from \x1b[01m\x1b[K/home/ws/my_package/src/my_node.cpp:1\x1b[m\x1b[K:\n'}
[3.299832] (my_package) StderrLine: {'line': b'\x1b[01m\x1b[K/home/ws/my_package/include/my_package/PinReader.hpp:5:10:\x1b[m\x1b[K \x1b[01;31m\x1b[Kfatal error: \x1b[m\x1b[Kpigpio.h: No such file or directory\n'}
[3.300667] (my_package) StderrLine: {'line': b'    5 | #include \x1b[01;31m\x1b[K<pigpio.h>\x1b[m\x1b[K\n'}
[3.300941] (my_package) StderrLine: {'line': b'      |          \x1b[01;31m\x1b[K^~~~~~~~~~\x1b[m\x1b[K\n'}
[3.301182] (my_package) StderrLine: {'line': b'compilation terminated.\n'}
[3.304791] (my_package) StderrLine: {'line': b'gmake[2]: *** [CMakeFiles/my_node.dir/build.make:76: CMakeFiles/my_node.dir/src/my_node.cpp.o] Error 1\n'}
[3.305582] (my_package) StderrLine: {'line': b'gmake[1]: *** [CMakeFiles/Makefile2:137: CMakeFiles/my_node.dir/all] Error 2\n'}
[3.305990] (my_package) StderrLine: {'line': b'gmake: *** [Makefile:146: all] Error 2\n'}
[3.309558] (my_package) CommandEnded: {'returncode': 2}
[3.316618] (-) TimerEvent: {}
[3.412672] (my_package) JobEnded: {'identifier': 'my_package', 'rc': 2}
[3.416716] (-) TimerEvent: {}
[3.424040] (-) EventReactorShutdown: {}
