[0.032s] Invoking command in '/home/ws/build/my_package': CMAKE_PREFIX_PATH=${CMAKE_PREFIX_PATH}:/opt/ros/humble /usr/bin/cmake --build /home/ws/build/my_package -- -j4 -l4
[0.100s] -- Found ament_cmake: 1.3.10 (/opt/ros/humble/share/ament_cmake/cmake)
[0.489s] -- Found rclcpp: 16.0.10 (/opt/ros/humble/share/rclcpp/cmake)
[0.560s] -- Found rosidl_generator_c: 3.1.5 (/opt/ros/humble/share/rosidl_generator_c/cmake)
[0.570s] -- Found rosidl_adapter: 3.1.5 (/opt/ros/humble/share/rosidl_adapter/cmake)
[0.585s] -- Found rosidl_generator_cpp: 3.1.5 (/opt/ros/humble/share/rosidl_generator_cpp/cmake)
[0.618s] -- Using all available rosidl_typesupport_c: rosidl_typesupport_fastrtps_c;rosidl_typesupport_introspection_c
[0.655s] -- Using all available rosidl_typesupport_cpp: rosidl_typesupport_fastrtps_cpp;rosidl_typesupport_introspection_cpp
[0.754s] -- Found rmw_implementation_cmake: 6.1.2 (/opt/ros/humble/share/rmw_implementation_cmake/cmake)
[0.758s] -- Found rmw_fastrtps_cpp: 6.2.7 (/opt/ros/humble/share/rmw_fastrtps_cpp/cmake)
[0.946s] -- Using RMW implementation 'rmw_fastrtps_cpp' as default
[1.110s] -- Found ament_lint_auto: 0.12.11 (/opt/ros/humble/share/ament_lint_auto/cmake)
[1.343s] -- Added test 'cppcheck' to perform static code analysis on C / C++ code
[1.344s] -- Configured cppcheck include dirs: $<BUILD_INTERFACE:/home/ws/my_package/include>
[1.344s] -- Configured cppcheck exclude dirs and/or files: 
[1.344s] -- Added test 'lint_cmake' to check CMake code style
[1.345s] -- Added test 'uncrustify' to check C / C++ code style
[1.345s] -- Configured uncrustify additional arguments: 
[1.346s] -- Added test 'xmllint' to check XML markup files
[1.347s] -- Configuring done
[1.382s] -- Generating done
[1.395s] -- Build files have been written to: /home/ws/build/my_package
[1.462s] [35m[1mConsolidate compiler generated dependencies of target my_node[0m
[1.489s] [ 50%] [32mBuilding CXX object CMakeFiles/my_node.dir/src/my_node.cpp.o[0m
[2.090s] In file included from [01m[K/home/ws/my_package/include/my_package/my_node.hpp:6[m[K,
[2.091s]                  from [01m[K/home/ws/my_package/src/my_node.cpp:1[m[K:
[2.092s] [01m[K/home/ws/my_package/include/my_package/PinReader.hpp:5:10:[m[K [01;31m[Kfatal error: [m[Kpigpiod_if2.h: No such file or directory
[2.092s]     5 | #include [01;31m[K<pigpiod_if2.h>[m[K
[2.092s]       |          [01;31m[K^~~~~~~~~~~~~~~[m[K
[2.093s] compilation terminated.
[2.098s] gmake[2]: *** [CMakeFiles/my_node.dir/build.make:76: CMakeFiles/my_node.dir/src/my_node.cpp.o] Error 1
[2.100s] gmake[1]: *** [CMakeFiles/Makefile2:137: CMakeFiles/my_node.dir/all] Error 2
[2.102s] gmake: *** [Makefile:146: all] Error 2
[2.103s] Invoked command in '/home/ws/build/my_package' returned '2': CMAKE_PREFIX_PATH=${CMAKE_PREFIX_PATH}:/opt/ros/humble /usr/bin/cmake --build /home/ws/build/my_package -- -j4 -l4
